  [1m[35m (84.2ms)[0m  [1m[35mCREATE DATABASE "bootly_development" ENCODING = 'unicode'[0m
  [1m[35m (2.0ms)[0m  [1m[35mCREATE DATABASE "bootly_test" ENCODING = 'unicode'[0m
  [1m[35m (9.4ms)[0m  [1m[34mSELECT pg_try_advisory_lock(4035035376792838740)[0m
  [1m[36mActiveRecord::SchemaMigration Load (18.1ms)[0m  [1m[34mSELECT "schema_migrations"."version" FROM "schema_migrations" ORDER BY "schema_migrations"."version" ASC[0m
  [1m[36mActiveRecord::InternalMetadata Load (42.0ms)[0m  [1m[34mSELECT * FROM "ar_internal_metadata" WHERE "ar_internal_metadata"."key" = $1 ORDER BY "ar_internal_metadata"."key" ASC LIMIT 1[0m  [[nil, "environment"]]
  [1m[35m (0.5ms)[0m  [1m[34mSELECT pg_advisory_unlock(4035035376792838740)[0m
  [1m[36mActiveRecord::SchemaMigration Load (0.5ms)[0m  [1m[34mSELECT "schema_migrations"."version" FROM "schema_migrations" ORDER BY "schema_migrations"."version" ASC[0m
Started GET "/" for 127.0.0.1 at 2024-05-07 20:59:40 +0600
  [1m[36mActiveRecord::SchemaMigration Load (1.4ms)[0m  [1m[34mSELECT "schema_migrations"."version" FROM "schema_migrations" ORDER BY "schema_migrations"."version" ASC[0m
Processing by HomeController#index as HTML
  Rendering layout layouts/application.html.erb
  Rendering home/index.html.erb within layouts/application
  Rendered home/index.html.erb within layouts/application (Duration: 1.2ms | Allocations: 186)
  Rendered layout layouts/application.html.erb (Duration: 18820.4ms | Allocations: 144616)
Completed 200 OK in 18986ms (Views: 18847.9ms | ActiveRecord: 0.0ms | Allocations: 152307)


Started GET "/" for 127.0.0.1 at 2024-05-07 21:00:34 +0600
Processing by HomeController#index as HTML
  Rendering layout layouts/application.html.erb
  Rendering home/index.html.erb within layouts/application
  Rendered home/index.html.erb within layouts/application (Duration: 1.5ms | Allocations: 98)
  Rendered layout layouts/application.html.erb (Duration: 272.0ms | Allocations: 25161)
Completed 200 OK in 281ms (Views: 277.1ms | ActiveRecord: 0.0ms | Allocations: 26069)


  [1m[35m (0.3ms)[0m  [1m[34mSELECT pg_try_advisory_lock(4035035376792838740)[0m
  [1m[36mActiveRecord::SchemaMigration Load (1.4ms)[0m  [1m[34mSELECT "schema_migrations"."version" FROM "schema_migrations" ORDER BY "schema_migrations"."version" ASC[0m
  [1m[36mActiveRecord::InternalMetadata Load (1.3ms)[0m  [1m[34mSELECT * FROM "ar_internal_metadata" WHERE "ar_internal_metadata"."key" = $1 ORDER BY "ar_internal_metadata"."key" ASC LIMIT 1[0m  [[nil, "environment"]]
  [1m[35m (0.4ms)[0m  [1m[34mSELECT pg_advisory_unlock(4035035376792838740)[0m
  [1m[36mActiveRecord::SchemaMigration Load (0.3ms)[0m  [1m[34mSELECT "schema_migrations"."version" FROM "schema_migrations" ORDER BY "schema_migrations"."version" ASC[0m
Started GET "/" for 127.0.0.1 at 2024-05-07 21:06:29 +0600
  [1m[36mActiveRecord::SchemaMigration Load (2.0ms)[0m  [1m[34mSELECT "schema_migrations"."version" FROM "schema_migrations" ORDER BY "schema_migrations"."version" ASC[0m
Processing by CommonVegetablesController#index as HTML
  Rendering layout layouts/application.html.erb
  Rendering common_vegetables/index.html.erb within layouts/application
  Rendered common_vegetables/index.html.erb within layouts/application (Duration: 1.6ms | Allocations: 186)
  Rendered layout layouts/application.html.erb (Duration: 336.6ms | Allocations: 49850)
Completed 200 OK in 380ms (Views: 352.4ms | ActiveRecord: 0.0ms | Allocations: 53942)


  [1m[35m (1.2ms)[0m  [1m[35mCREATE DATABASE "bootly_development" ENCODING = 'unicode'[0m
  [1m[35m (1.5ms)[0m  [1m[35mCREATE DATABASE "bootly_test" ENCODING = 'unicode'[0m
Started GET "/" for 127.0.0.1 at 2024-05-07 21:09:24 +0600
  [1m[36mActiveRecord::SchemaMigration Load (1.3ms)[0m  [1m[34mSELECT "schema_migrations"."version" FROM "schema_migrations" ORDER BY "schema_migrations"."version" ASC[0m
Processing by CommonVegetablesController#index as HTML
  Rendering layout layouts/application.html.erb
  Rendering common_vegetables/index.html.erb within layouts/application
  Rendered common_vegetables/index.html.erb within layouts/application (Duration: 1.4ms | Allocations: 186)
  Rendered layout layouts/application.html.erb (Duration: 322.7ms | Allocations: 49898)
Completed 200 OK in 363ms (Views: 337.7ms | ActiveRecord: 0.0ms | Allocations: 54053)


Started GET "/" for 127.0.0.1 at 2024-05-07 21:20:31 +0600
  [1m[36mActiveRecord::SchemaMigration Load (2.0ms)[0m  [1m[34mSELECT "schema_migrations"."version" FROM "schema_migrations" ORDER BY "schema_migrations"."version" ASC[0m
Processing by CommonVegetablesController#index as HTML
  Rendering layout layouts/application.html.erb
  Rendering common_vegetables/index.html.erb within layouts/application
  Rendered common_vegetables/index.html.erb within layouts/application (Duration: 1.6ms | Allocations: 186)
  Rendered layout layouts/application.html.erb (Duration: 407.4ms | Allocations: 49461)
Completed 200 OK in 445ms (Views: 420.5ms | ActiveRecord: 0.0ms | Allocations: 53553)


Started GET "/" for 127.0.0.1 at 2024-05-07 22:27:39 +0600
  [1m[36mActiveRecord::SchemaMigration Load (1.3ms)[0m  [1m[34mSELECT "schema_migrations"."version" FROM "schema_migrations" ORDER BY "schema_migrations"."version" ASC[0m
Processing by CommonVegetablesController#index as HTML
  Rendering layout layouts/application.html.erb
  Rendering common_vegetables/index.html.erb within layouts/application
  Rendered common_vegetables/index.html.erb within layouts/application (Duration: 1.2ms | Allocations: 186)
  Rendered layout layouts/application.html.erb (Duration: 277.6ms | Allocations: 49916)
Completed 200 OK in 314ms (Views: 291.8ms | ActiveRecord: 0.0ms | Allocations: 54008)


  [1m[35m (0.3ms)[0m  [1m[34mSELECT pg_try_advisory_lock(4035035376792838740)[0m
  [1m[36mActiveRecord::SchemaMigration Load (0.9ms)[0m  [1m[34mSELECT "schema_migrations"."version" FROM "schema_migrations" ORDER BY "schema_migrations"."version" ASC[0m
  [1m[36mActiveRecord::InternalMetadata Load (1.1ms)[0m  [1m[34mSELECT * FROM "ar_internal_metadata" WHERE "ar_internal_metadata"."key" = $1 ORDER BY "ar_internal_metadata"."key" ASC LIMIT 1[0m  [[nil, "environment"]]
  [1m[35m (0.4ms)[0m  [1m[34mSELECT pg_advisory_unlock(4035035376792838740)[0m
  [1m[36mActiveRecord::SchemaMigration Load (0.3ms)[0m  [1m[34mSELECT "schema_migrations"."version" FROM "schema_migrations" ORDER BY "schema_migrations"."version" ASC[0m
  [1m[35m (0.3ms)[0m  [1m[34mSELECT pg_try_advisory_lock(4035035376792838740)[0m
  [1m[36mActiveRecord::SchemaMigration Load (1.3ms)[0m  [1m[34mSELECT "schema_migrations"."version" FROM "schema_migrations" ORDER BY "schema_migrations"."version" ASC[0m
  [1m[36mActiveRecord::InternalMetadata Load (1.4ms)[0m  [1m[34mSELECT * FROM "ar_internal_metadata" WHERE "ar_internal_metadata"."key" = $1 ORDER BY "ar_internal_metadata"."key" ASC LIMIT 1[0m  [[nil, "environment"]]
  [1m[35m (0.3ms)[0m  [1m[34mSELECT pg_advisory_unlock(4035035376792838740)[0m
  [1m[36mActiveRecord::SchemaMigration Load (0.4ms)[0m  [1m[34mSELECT "schema_migrations"."version" FROM "schema_migrations" ORDER BY "schema_migrations"."version" ASC[0m
  [1m[35m (0.4ms)[0m  [1m[34mSELECT pg_try_advisory_lock(4035035376792838740)[0m
  [1m[36mActiveRecord::SchemaMigration Load (1.0ms)[0m  [1m[34mSELECT "schema_migrations"."version" FROM "schema_migrations" ORDER BY "schema_migrations"."version" ASC[0m
  [1m[36mActiveRecord::InternalMetadata Load (1.1ms)[0m  [1m[34mSELECT * FROM "ar_internal_metadata" WHERE "ar_internal_metadata"."key" = $1 ORDER BY "ar_internal_metadata"."key" ASC LIMIT 1[0m  [[nil, "environment"]]
Migrating to RemoveCreateTableFromArticle (20240507163733)
  [1m[36mTRANSACTION (0.3ms)[0m  [1m[35mBEGIN[0m
  [1m[35m (451.7ms)[0m  [1m[35mALTER TABLE "articles" DROP COLUMN "title"[0m
  [1m[35m (20.2ms)[0m  [1m[35mALTER TABLE "articles" DROP COLUMN "body"[0m
  [1m[36mActiveRecord::SchemaMigration Create (0.9ms)[0m  [1m[32mINSERT INTO "schema_migrations" ("version") VALUES ('20240507163733') RETURNING "version"[0m
  [1m[36mTRANSACTION (72.6ms)[0m  [1m[35mCOMMIT[0m
  [1m[35m (0.7ms)[0m  [1m[34mSELECT pg_advisory_unlock(4035035376792838740)[0m
  [1m[36mActiveRecord::SchemaMigration Load (0.6ms)[0m  [1m[34mSELECT "schema_migrations"."version" FROM "schema_migrations" ORDER BY "schema_migrations"."version" ASC[0m
  [1m[35m (0.3ms)[0m  [1m[34mSELECT pg_try_advisory_lock(4035035376792838740)[0m
  [1m[36mActiveRecord::SchemaMigration Load (1.6ms)[0m  [1m[34mSELECT "schema_migrations"."version" FROM "schema_migrations" ORDER BY "schema_migrations"."version" ASC[0m
  [1m[36mActiveRecord::InternalMetadata Load (2.1ms)[0m  [1m[34mSELECT * FROM "ar_internal_metadata" WHERE "ar_internal_metadata"."key" = $1 ORDER BY "ar_internal_metadata"."key" ASC LIMIT 1[0m  [[nil, "environment"]]
Migrating to RemoveCreateTableFromComment (20240507163934)
  [1m[36mTRANSACTION (0.2ms)[0m  [1m[35mBEGIN[0m
  [1m[35m (4.6ms)[0m  [1m[35mALTER TABLE "comments" DROP COLUMN "commenter"[0m
  [1m[35m (0.8ms)[0m  [1m[35mALTER TABLE "comments" DROP COLUMN "body"[0m
  [1m[36mActiveRecord::SchemaMigration Create (0.6ms)[0m  [1m[32mINSERT INTO "schema_migrations" ("version") VALUES ('20240507163934') RETURNING "version"[0m
  [1m[36mTRANSACTION (31.8ms)[0m  [1m[35mCOMMIT[0m
  [1m[35m (0.6ms)[0m  [1m[34mSELECT pg_advisory_unlock(4035035376792838740)[0m
  [1m[36mActiveRecord::SchemaMigration Load (0.9ms)[0m  [1m[34mSELECT "schema_migrations"."version" FROM "schema_migrations" ORDER BY "schema_migrations"."version" ASC[0m
Started GET "/" for 127.0.0.1 at 2024-05-07 22:41:54 +0600
  [1m[36mActiveRecord::SchemaMigration Load (1.8ms)[0m  [1m[34mSELECT "schema_migrations"."version" FROM "schema_migrations" ORDER BY "schema_migrations"."version" ASC[0m
Processing by CommonVegetablesController#index as HTML
  Rendering layout layouts/application.html.erb
  Rendering common_vegetables/index.html.erb within layouts/application
  Rendered common_vegetables/index.html.erb within layouts/application (Duration: 2.1ms | Allocations: 186)
  Rendered layout layouts/application.html.erb (Duration: 318.0ms | Allocations: 49831)
Completed 200 OK in 358ms (Views: 333.3ms | ActiveRecord: 0.0ms | Allocations: 53923)


  [1m[35m (0.4ms)[0m  [1m[34mSELECT pg_try_advisory_lock(4035035376792838740)[0m
  [1m[36mActiveRecord::SchemaMigration Load (1.0ms)[0m  [1m[34mSELECT "schema_migrations"."version" FROM "schema_migrations" ORDER BY "schema_migrations"."version" ASC[0m
  [1m[36mActiveRecord::InternalMetadata Load (1.1ms)[0m  [1m[34mSELECT * FROM "ar_internal_metadata" WHERE "ar_internal_metadata"."key" = $1 ORDER BY "ar_internal_metadata"."key" ASC LIMIT 1[0m  [[nil, "environment"]]
Migrating to CreateCommonVegetables (20240507165450)
  [1m[36mTRANSACTION (0.2ms)[0m  [1m[35mBEGIN[0m
  [1m[35m (655.7ms)[0m  [1m[35mCREATE TABLE "common_vegetables" ("id" bigserial primary key, "name" character varying, "description" text, "created_at" timestamp(6) NOT NULL, "updated_at" timestamp(6) NOT NULL)[0m
  [1m[36mActiveRecord::SchemaMigration Create (0.5ms)[0m  [1m[32mINSERT INTO "schema_migrations" ("version") VALUES ('20240507165450') RETURNING "version"[0m
  [1m[36mTRANSACTION (39.8ms)[0m  [1m[35mCOMMIT[0m
  [1m[35m (0.7ms)[0m  [1m[34mSELECT pg_advisory_unlock(4035035376792838740)[0m
  [1m[36mActiveRecord::SchemaMigration Load (0.5ms)[0m  [1m[34mSELECT "schema_migrations"."version" FROM "schema_migrations" ORDER BY "schema_migrations"."version" ASC[0m
  [1m[36mActiveRecord::SchemaMigration Load (1.3ms)[0m  [1m[34mSELECT "schema_migrations"."version" FROM "schema_migrations" ORDER BY "schema_migrations"."version" ASC[0m
  [1m[36mActiveRecord::SchemaMigration Load (0.9ms)[0m  [1m[34mSELECT "schema_migrations"."version" FROM "schema_migrations" ORDER BY "schema_migrations"."version" ASC[0m
  [1m[36mActiveRecord::SchemaMigration Load (1.0ms)[0m  [1m[34mSELECT "schema_migrations"."version" FROM "schema_migrations" ORDER BY "schema_migrations"."version" ASC[0m
  [1m[36mTRANSACTION (0.2ms)[0m  [1m[35mBEGIN[0m
  [1m[36mCommonVegetable Create (13.8ms)[0m  [1m[32mINSERT INTO "common_vegetables" ("name", "description", "created_at", "updated_at") VALUES ($1, $2, $3, $4) RETURNING "id"[0m  [["name", "Potato"], ["description", "A potato is a vegetable, the Solanum tuberosum."], ["created_at", "2024-05-07 17:09:07.099230"], ["updated_at", "2024-05-07 17:09:07.099230"]]
  [1m[36mTRANSACTION (41.5ms)[0m  [1m[35mCOMMIT[0m
  [1m[36mCommonVegetable Load (1.2ms)[0m  [1m[34mSELECT "common_vegetables".* FROM "common_vegetables" /* loading for pp */ LIMIT $1[0m  [["LIMIT", 11]]
  [1m[36mActiveRecord::SchemaMigration Load (1.0ms)[0m  [1m[34mSELECT "schema_migrations"."version" FROM "schema_migrations" ORDER BY "schema_migrations"."version" ASC[0m
  [1m[36mTRANSACTION (0.2ms)[0m  [1m[35mBEGIN[0m
  [1m[36mCommonVegetable Create (3.1ms)[0m  [1m[32mINSERT INTO "common_vegetables" ("name", "description", "created_at", "updated_at") VALUES ($1, $2, $3, $4) RETURNING "id"[0m  [["name", "Potato"], ["description", "A potato is a vegetable, the Solanum tuberosum."], ["created_at", "2024-05-07 17:12:29.447167"], ["updated_at", "2024-05-07 17:12:29.447167"]]
  [1m[36mTRANSACTION (30.8ms)[0m  [1m[35mCOMMIT[0m
  [1m[36mTRANSACTION (0.3ms)[0m  [1m[35mBEGIN[0m
  [1m[36mCommonVegetable Create (3.0ms)[0m  [1m[32mINSERT INTO "common_vegetables" ("name", "description", "created_at", "updated_at") VALUES ($1, $2, $3, $4) RETURNING "id"[0m  [["name", "Pumpkin"], ["description", "Pumpkin is an incredibly healthy vegetable that's rich in fiber, vitamins, and minerals."], ["created_at", "2024-05-07 17:12:29.487963"], ["updated_at", "2024-05-07 17:12:29.487963"]]
  [1m[36mTRANSACTION (27.7ms)[0m  [1m[35mCOMMIT[0m
  [1m[36mCommonVegetable Load (0.9ms)[0m  [1m[34mSELECT "common_vegetables".* FROM "common_vegetables" /* loading for pp */ LIMIT $1[0m  [["LIMIT", 11]]
Started GET "/" for 127.0.0.1 at 2024-05-07 23:22:43 +0600
  [1m[36mActiveRecord::SchemaMigration Load (2.1ms)[0m  [1m[34mSELECT "schema_migrations"."version" FROM "schema_migrations" ORDER BY "schema_migrations"."version" ASC[0m
Processing by CommonVegetablesController#index as HTML
  Rendering layout layouts/application.html.erb
  Rendering common_vegetables/index.html.erb within layouts/application
  [1m[36mCommonVegetable Load (1.8ms)[0m  [1m[34mSELECT "common_vegetables".* FROM "common_vegetables"[0m
  ↳ app/views/common_vegetables/index.html.erb:4
  Rendered common_vegetables/index.html.erb within layouts/application (Duration: 155.3ms | Allocations: 14724)
  Rendered layout layouts/application.html.erb (Duration: 157.7ms | Allocations: 14850)
Completed 500 Internal Server Error in 233ms (ActiveRecord: 32.6ms | Allocations: 24725)


  
ActionView::Template::Error (undefined method `title' for #<CommonVegetable id: 1, name: "Potato", description: "A potato is a vegetable, the Solanum tuberosum.", created_at: "2024-05-07 17:09:07.099230000 +0000", updated_at: "2024-05-07 17:09:07.099230000 +0000">):
    3: <ul>
    4:   <% @commonvegetables.each do |commonvegetable| %>
    5:     <li>
    6:       <%= commonvegetable.title %>
    7:     </li>
    8:   <% end %>
    9: </ul>
  
app/views/common_vegetables/index.html.erb:6
app/views/common_vegetables/index.html.erb:4
Started GET "/" for 127.0.0.1 at 2024-05-07 23:25:15 +0600
Processing by CommonVegetablesController#index as HTML
  Rendering layout layouts/application.html.erb
  Rendering common_vegetables/index.html.erb within layouts/application
  [1m[36mCommonVegetable Load (1.6ms)[0m  [1m[34mSELECT "common_vegetables".* FROM "common_vegetables"[0m
  ↳ app/views/common_vegetables/index.html.erb:4
  Rendered common_vegetables/index.html.erb within layouts/application (Duration: 47.2ms | Allocations: 4256)
  Rendered layout layouts/application.html.erb (Duration: 48.4ms | Allocations: 4348)
Completed 500 Internal Server Error in 64ms (ActiveRecord: 17.2ms | Allocations: 5847)


  
ActionView::Template::Error (undefined method `title' for #<CommonVegetable id: 1, name: "Potato", description: "A potato is a vegetable, the Solanum tuberosum.", created_at: "2024-05-07 17:09:07.099230000 +0000", updated_at: "2024-05-07 17:09:07.099230000 +0000">):
    3: <ul>
    4:   <% @commonvegetables.each do |commonvegetable| %>
    5:     <li>
    6:       <%= commonvegetable.title %>
    7:     </li>
    8:   <% end %>
    9: </ul>
  
app/views/common_vegetables/index.html.erb:6
app/views/common_vegetables/index.html.erb:4
Started GET "/articles/index" for 127.0.0.1 at 2024-05-07 23:25:29 +0600
  
ActionController::RoutingError (No route matches [GET] "/articles/index"):
  
Started GET "/articles" for 127.0.0.1 at 2024-05-07 23:25:39 +0600
  
ActionController::RoutingError (No route matches [GET] "/articles"):
  
Started GET "/commonvegetables/index" for 127.0.0.1 at 2024-05-07 23:25:57 +0600
  
ActionController::RoutingError (No route matches [GET] "/commonvegetables/index"):
  
Started GET "/" for 127.0.0.1 at 2024-05-07 23:29:50 +0600
  [1m[36mActiveRecord::SchemaMigration Load (1.7ms)[0m  [1m[34mSELECT "schema_migrations"."version" FROM "schema_migrations" ORDER BY "schema_migrations"."version" ASC[0m
Processing by CommonVegetablesController#index as HTML
  Rendering layout layouts/application.html.erb
  Rendering common_vegetables/index.html.erb within layouts/application
  [1m[36mCommonVegetable Load (1.8ms)[0m  [1m[34mSELECT "common_vegetables".* FROM "common_vegetables"[0m
  ↳ app/views/common_vegetables/index.html.erb:4
  Rendered common_vegetables/index.html.erb within layouts/application (Duration: 165.5ms | Allocations: 13984)
  Rendered layout layouts/application.html.erb (Duration: 166.2ms | Allocations: 14110)
Completed 500 Internal Server Error in 235ms (ActiveRecord: 38.2ms | Allocations: 23985)


  
ActionView::Template::Error (undefined method `title' for #<CommonVegetable id: 1, name: "Potato", description: "A potato is a vegetable, the Solanum tuberosum.", created_at: "2024-05-07 17:09:07.099230000 +0000", updated_at: "2024-05-07 17:09:07.099230000 +0000">):
    3: <ul>
    4:   <% @commonvegetables.each do |commonvegetable| %>
    5:     <li>
    6:       <%= commonvegetable.title %>
    7:     </li>
    8:   <% end %>
    9: </ul>
  
app/views/common_vegetables/index.html.erb:6
app/views/common_vegetables/index.html.erb:4
Started GET "/" for 127.0.0.1 at 2024-05-07 23:30:19 +0600
Processing by CommonVegetablesController#index as HTML
  Rendering layout layouts/application.html.erb
  Rendering common_vegetables/index.html.erb within layouts/application
  [1m[36mCommonVegetable Load (1.9ms)[0m  [1m[34mSELECT "common_vegetables".* FROM "common_vegetables"[0m
  ↳ app/views/common_vegetables/index.html.erb:4
  Rendered common_vegetables/index.html.erb within layouts/application (Duration: 54.8ms | Allocations: 3145)
  Rendered layout layouts/application.html.erb (Duration: 449.2ms | Allocations: 51370)
Completed 200 OK in 468ms (Views: 437.6ms | ActiveRecord: 19.3ms | Allocations: 52934)


